-----ITERATION:  0 -------
-------SAMPLE:  0 ------
TEXT:
module my_dff (input clk, input d, output q);
    always @(posedge clk)
        q <= d;
endmodule

module top_module ( input clk, input d, output q );
    my_dff d1 (clk, d, q);
    my_dff d2 (clk, q, q);
    my_dff d3 (clk, q, q);
endmodule
Writing result file: 
error compiling testbench:  /mnt/shared-scratch/Rajendran_J/matthewdelorenzo/codellama/elab_tb/Module_shift.v
Return code: 3
stderr: dump_elab/Module_shift_0_0.v:3: error: q is not a valid l-value in top_module_tb.UUT.d1.
dump_elab/Module_shift_0_0.v:1:      : q is declared here as wire.
dump_elab/Module_shift_0_0.v:3: error: q is not a valid l-value in top_module_tb.UUT.d2.
dump_elab/Module_shift_0_0.v:1:      : q is declared here as wire.
dump_elab/Module_shift_0_0.v:3: error: q is not a valid l-value in top_module_tb.UUT.d3.
dump_elab/Module_shift_0_0.v:1:      : q is declared here as wire.
3 error(s) during elaboration.

Reward =  -1
-------SAMPLE:  1 ------
TEXT:
module my_dff (input clk, input d, output q);
    always @(posedge clk)
        q <= d;
endmodule

module top_module ( input clk, input d, output q );
    wire q1, q2;
    my_dff ff1 (clk, d, q1);
    my_dff ff2 (q1, q2, q);
endmodule
Writing result file: 
error compiling testbench:  /mnt/shared-scratch/Rajendran_J/matthewdelorenzo/codellama/elab_tb/Module_shift.v
Return code: 2
stderr: dump_elab/Module_shift_0_1.v:3: error: q is not a valid l-value in top_module_tb.UUT.ff1.
dump_elab/Module_shift_0_1.v:1:      : q is declared here as wire.
dump_elab/Module_shift_0_1.v:3: error: q is not a valid l-value in top_module_tb.UUT.ff2.
dump_elab/Module_shift_0_1.v:1:      : q is declared here as wire.
2 error(s) during elaboration.

Reward =  -1
-------SAMPLE:  2 ------
TEXT:
module my_dff (input clk, input d, output q);
    always @(posedge clk)
        q <= d;
endmodule

module top_module ( input clk, input d, output q );
    my_dff ff1 (clk, d, q);
    my_dff ff2 (q, d, q1);
    my_dff ff3 (q1, d, q2);
    my_dff ff4 (q2, d, q3);
    my_dff ff5 (q3, d, q4);
    my_dff ff6 (q4, d, q5);
    my_dff ff7 (q5, d, q6);
    my_dff ff8 (q6, d, q7);
    my_dff ff9 (q7, d, q8);
    my_dff ff10 (q8, d, q9);
    my_dff ff11 (q9, d, q10);
    my_dff ff12 (q10, d, q11);
    my_dff ff13 (q11, d, q12);
    my_dff ff14 (q12, d, q13);
    my_dff ff15 (q13, d, q14);
    my_dff ff16 (q14, d, q15);
    my_dff ff17 (q15, d, q16);
    my_dff ff18 (q16, d, q17);
    my_dff ff19 (q17, d, q18);
    my_dff ff20 (q18, d, q19);
    my_dff ff21 (q19, d, q20);
    my_dff ff22 (q20, d, q21);
    my_dff ff23 (q21, d, q22);
    my_dff ff24 (q22, d, q23);
    my_dff ff25 (q23, d, q24);
    my_dff ff26 (q24, d, q25);
    my_dff ff27 (q25, d, q26);
    my_dff ff28 (q26, d, q27);
    my_dff ff29 (q27, d, q28);
    my_dff ff30 (q28, d, q29);
    my_dff ff31 (q29, d, q30);
    my_dff ff32 (q30, d, q31);
    my_dff ff33 (q31, d, q32);
    my_dff ff34 (q32, d, q33);
    my_dff ff35 (q33, d, q34);
    my_dff ff36 (q34, d, q35);
    my_dff ff37 (q35, d, q36);
    my_dff ff38 (q36, d, q37);
    my_dff ff39 (q37, d, q38);
    my_dff ff40 (q38, d, q39);
    my_dff ff41 (q39, d, q40);
    my_dff ff42 (q40, d, q41);
    my_dff ff43 (q41, d, q42);
    my_dff ff44 (q42, d, q43);
    my_dff ff45 (q43, d, q44);
    my_dff ff46 (q44, d, q45);
    my_dff ff47 (q45, d, q46);
    my_dff ff48 (q46, d, q47);
    my_dff ff49 (q47, d, q48);
    my_dff ff50 (q48, d, q49);
    my_dff ff51 (q49, d, q50);
    my_dff ff52 (q50, d, q51);
    my_dff ff53 (q51, d, q52);
    my_dff ff54 (q52, d, q53);
    my_dff ff55 (q53, d, q54);
    my_dff ff56 (q54, d, q55);
    my_dff ff57 (q55, d, q56);
    my_dff ff58 (q56, d, q57);
    my_dff ff59 (q57, d, q58);
    my_dff ff60 (q58, d, q59);
    my_dff
Writing result file: 
error compiling testbench:  /mnt/shared-scratch/Rajendran_J/matthewdelorenzo/codellama/elab_tb/Module_shift.v
Return code: 3
stderr: /mnt/shared-scratch/Rajendran_J/matthewdelorenzo/codellama/elab_tb/Module_shift.v:1: error: `timescale directive can not be inside a module definition.
/mnt/shared-scratch/Rajendran_J/matthewdelorenzo/codellama/elab_tb/Module_shift.v:3: syntax error
dump_elab/Module_shift_0_2.v:67: error: Invalid module instantiation

Reward =  -1
-------SAMPLE:  3 ------
TEXT:
module my_dff (input clk, input d, output q);
    always @(posedge clk)
        q <= d;
endmodule

module top_module ( input clk, input d, output q );
    my_dff d1 (clk, d, q1);
    my_dff d2 (q1, d, q2);
    my_dff d3 (q2, d, q);
endmodule
Writing result file: 
error compiling testbench:  /mnt/shared-scratch/Rajendran_J/matthewdelorenzo/codellama/elab_tb/Module_shift.v
Return code: 3
stderr: dump_elab/Module_shift_0_3.v:3: error: q is not a valid l-value in top_module_tb.UUT.d1.
dump_elab/Module_shift_0_3.v:1:      : q is declared here as wire.
dump_elab/Module_shift_0_3.v:3: error: q is not a valid l-value in top_module_tb.UUT.d2.
dump_elab/Module_shift_0_3.v:1:      : q is declared here as wire.
dump_elab/Module_shift_0_3.v:3: error: q is not a valid l-value in top_module_tb.UUT.d3.
dump_elab/Module_shift_0_3.v:1:      : q is declared here as wire.
3 error(s) during elaboration.

Reward =  -1
-------SAMPLE:  4 ------
TEXT:
module my_dff (input clk, input d, output q);
    always @(posedge clk)
        q <= d;
endmodule

module top_module ( input clk, input d, output q );
    my_dff d1(clk,d,q);
    my_dff d2(q,d,q1);
    my_dff d3(q1,d,q2);
    my_dff d4(q2,d,q3);
    my_dff d5(q3,d,q);
endmodule
Writing result file: 
error compiling testbench:  /mnt/shared-scratch/Rajendran_J/matthewdelorenzo/codellama/elab_tb/Module_shift.v
Return code: 5
stderr: dump_elab/Module_shift_0_4.v:3: error: q is not a valid l-value in top_module_tb.UUT.d1.
dump_elab/Module_shift_0_4.v:1:      : q is declared here as wire.
dump_elab/Module_shift_0_4.v:3: error: q is not a valid l-value in top_module_tb.UUT.d2.
dump_elab/Module_shift_0_4.v:1:      : q is declared here as wire.
dump_elab/Module_shift_0_4.v:3: error: q is not a valid l-value in top_module_tb.UUT.d3.
dump_elab/Module_shift_0_4.v:1:      : q is declared here as wire.
dump_elab/Module_shift_0_4.v:3: error: q is not a valid l-value in top_module_tb.UUT.d4.
dump_elab/Module_shift_0_4.v:1:      : q is declared here as wire.
dump_elab/Module_shift_0_4.v:3: error: q is not a valid l-value in top_module_tb.UUT.d5.
dump_elab/Module_shift_0_4.v:1:      : q is declared here as wire.
5 error(s) during elaboration.

Reward =  -1
-------SAMPLE:  5 ------
TEXT:
module my_dff (input clk, input d, output q);
    always @(posedge clk)
        q <= d;
endmodule

module top_module ( input clk, input d, output q );
    my_dff ff1 (clk, d, q);
    my_dff ff2 (q, d, q1);
    my_dff ff3 (q1, d, q2);
    my_dff ff4 (q2, d, q);
endmodule
Writing result file: 
error compiling testbench:  /mnt/shared-scratch/Rajendran_J/matthewdelorenzo/codellama/elab_tb/Module_shift.v
Return code: 4
stderr: dump_elab/Module_shift_0_5.v:3: error: q is not a valid l-value in top_module_tb.UUT.ff1.
dump_elab/Module_shift_0_5.v:1:      : q is declared here as wire.
dump_elab/Module_shift_0_5.v:3: error: q is not a valid l-value in top_module_tb.UUT.ff2.
dump_elab/Module_shift_0_5.v:1:      : q is declared here as wire.
dump_elab/Module_shift_0_5.v:3: error: q is not a valid l-value in top_module_tb.UUT.ff3.
dump_elab/Module_shift_0_5.v:1:      : q is declared here as wire.
dump_elab/Module_shift_0_5.v:3: error: q is not a valid l-value in top_module_tb.UUT.ff4.
dump_elab/Module_shift_0_5.v:1:      : q is declared here as wire.
4 error(s) during elaboration.

Reward =  -1
-------SAMPLE:  6 ------
TEXT:
module my_dff (input clk, input d, output q);
    always @(posedge clk)
        q <= d;
endmodule

module top_module ( input clk, input d, output q );
    my_dff d1(clk,d,q);
    my_dff d2(q,d,q1);
    my_dff d3(q1,d,q2);
    my_dff d4(q2,d,q3);
    my_dff d5(q3,d,q);
    
endmodule
Writing result file: 
error compiling testbench:  /mnt/shared-scratch/Rajendran_J/matthewdelorenzo/codellama/elab_tb/Module_shift.v
Return code: 5
stderr: dump_elab/Module_shift_0_6.v:3: error: q is not a valid l-value in top_module_tb.UUT.d1.
dump_elab/Module_shift_0_6.v:1:      : q is declared here as wire.
dump_elab/Module_shift_0_6.v:3: error: q is not a valid l-value in top_module_tb.UUT.d2.
dump_elab/Module_shift_0_6.v:1:      : q is declared here as wire.
dump_elab/Module_shift_0_6.v:3: error: q is not a valid l-value in top_module_tb.UUT.d3.
dump_elab/Module_shift_0_6.v:1:      : q is declared here as wire.
dump_elab/Module_shift_0_6.v:3: error: q is not a valid l-value in top_module_tb.UUT.d4.
dump_elab/Module_shift_0_6.v:1:      : q is declared here as wire.
dump_elab/Module_shift_0_6.v:3: error: q is not a valid l-value in top_module_tb.UUT.d5.
dump_elab/Module_shift_0_6.v:1:      : q is declared here as wire.
5 error(s) during elaboration.

Reward =  -1
-------SAMPLE:  7 ------
TEXT:
module my_dff (input clk, input d, output q);
    always @(posedge clk)
        q <= d;
endmodule

module top_module ( input clk, input d, output q );
    my_dff d1(clk, d, q);
    my_dff d2(q, d, q1);
    my_dff d3(q1, d, q2);
    my_dff d4(q2, d, q3);
    my_dff d5(q3, d, q);
endmodule
Writing result file: 
error compiling testbench:  /mnt/shared-scratch/Rajendran_J/matthewdelorenzo/codellama/elab_tb/Module_shift.v
Return code: 5
stderr: dump_elab/Module_shift_0_7.v:3: error: q is not a valid l-value in top_module_tb.UUT.d1.
dump_elab/Module_shift_0_7.v:1:      : q is declared here as wire.
dump_elab/Module_shift_0_7.v:3: error: q is not a valid l-value in top_module_tb.UUT.d2.
dump_elab/Module_shift_0_7.v:1:      : q is declared here as wire.
dump_elab/Module_shift_0_7.v:3: error: q is not a valid l-value in top_module_tb.UUT.d3.
dump_elab/Module_shift_0_7.v:1:      : q is declared here as wire.
dump_elab/Module_shift_0_7.v:3: error: q is not a valid l-value in top_module_tb.UUT.d4.
dump_elab/Module_shift_0_7.v:1:      : q is declared here as wire.
dump_elab/Module_shift_0_7.v:3: error: q is not a valid l-value in top_module_tb.UUT.d5.
dump_elab/Module_shift_0_7.v:1:      : q is declared here as wire.
5 error(s) during elaboration.

Reward =  -1
-------SAMPLE:  8 ------
TEXT:
module my_dff (input clk, input d, output q);
    always @(posedge clk)
        q <= d;
endmodule

module top_module ( input clk, input d, output q );
    my_dff d1(clk,d,q);
    my_dff d2(q,d,q1);
    my_dff d3(q1,d,q2);
    my_dff d4(q2,d,q);
endmodule
Writing result file: 
error compiling testbench:  /mnt/shared-scratch/Rajendran_J/matthewdelorenzo/codellama/elab_tb/Module_shift.v
Return code: 4
stderr: dump_elab/Module_shift_0_8.v:3: error: q is not a valid l-value in top_module_tb.UUT.d1.
dump_elab/Module_shift_0_8.v:1:      : q is declared here as wire.
dump_elab/Module_shift_0_8.v:3: error: q is not a valid l-value in top_module_tb.UUT.d2.
dump_elab/Module_shift_0_8.v:1:      : q is declared here as wire.
dump_elab/Module_shift_0_8.v:3: error: q is not a valid l-value in top_module_tb.UUT.d3.
dump_elab/Module_shift_0_8.v:1:      : q is declared here as wire.
dump_elab/Module_shift_0_8.v:3: error: q is not a valid l-value in top_module_tb.UUT.d4.
dump_elab/Module_shift_0_8.v:1:      : q is declared here as wire.
4 error(s) during elaboration.

Reward =  -1
-------SAMPLE:  9 ------
TEXT:
module my_dff (input clk, input d, output q);
    always @(posedge clk)
        q <= d;
endmodule

module top_module ( input clk, input d, output q );
    wire q1, q2;
    my_dff ff1 (clk, d, q1);
    my_dff ff2 (q1, q2, q);
endmodule
Writing result file: 
error compiling testbench:  /mnt/shared-scratch/Rajendran_J/matthewdelorenzo/codellama/elab_tb/Module_shift.v
Return code: 2
stderr: dump_elab/Module_shift_0_9.v:3: error: q is not a valid l-value in top_module_tb.UUT.ff1.
dump_elab/Module_shift_0_9.v:1:      : q is declared here as wire.
dump_elab/Module_shift_0_9.v:3: error: q is not a valid l-value in top_module_tb.UUT.ff2.
dump_elab/Module_shift_0_9.v:1:      : q is declared here as wire.
2 error(s) during elaboration.

Reward =  -1
-----ITERATION:  1 -------
-------SAMPLE:  0 ------
TEXT:
module my_dff8 ( input clk, input [7:0] d, output [7:0] q );    
    always @(posedge clk)
        q <= d;
endmodule

module top_module ( 
    input clk, 
    input [7:0] d, 
    input [1:0] sel, 
    output [7:0] q 
);

    // Write your code here
    reg [7:0] q_0;
    reg [7:0] q_1;
    reg [7:0] q_2;
    always @(posedge clk)
        begin
            case(sel)
                2'b00: q_0 <= d;
                2'b01: q_1 <= d;
                2'b10: q_2 <= d;
                2'b11: q_2 <= q_1;
            endcase
        end
    assign q = q_2;
Writing result file: 
error compiling testbench:  /mnt/shared-scratch/Rajendran_J/matthewdelorenzo/codellama/elab_tb/Module_shift8.v
Return code: 3
stderr: /mnt/shared-scratch/Rajendran_J/matthewdelorenzo/codellama/elab_tb/Module_shift8.v:1: error: `timescale directive can not be inside a module definition.
/mnt/shared-scratch/Rajendran_J/matthewdelorenzo/codellama/elab_tb/Module_shift8.v:518: syntax error
I give up.

Reward =  -1
-------SAMPLE:  1 ------
TEXT:
module my_dff8 ( input clk, input [7:0] d, output [7:0] q );    
    always @(posedge clk)
        q <= d;
endmodule

module top_module ( 
    input clk, 
    input [7:0] d, 
    input [1:0] sel, 
    output [7:0] q 
);

    always @(*) begin
        case (sel)
            2'b00: q <= d;
            2'b01: q <= d;
            2'b10: q <= d;
            2'b11: q <= 8'b00000000;
        endcase
    end

endmodule
Writing result file: 
error compiling testbench:  /mnt/shared-scratch/Rajendran_J/matthewdelorenzo/codellama/elab_tb/Module_shift8.v
Return code: 1
stderr: dump_elab/Module_shift8_1_1.v:3: error: q is not a valid l-value in my_dff8.
dump_elab/Module_shift8_1_1.v:1:      : q is declared here as wire.
dump_elab/Module_shift8_1_1.v:15: error: q is not a valid l-value in top_module_tb.UUT.
dump_elab/Module_shift8_1_1.v:10:      : q is declared here as wire.
dump_elab/Module_shift8_1_1.v:16: error: q is not a valid l-value in top_module_tb.UUT.
dump_elab/Module_shift8_1_1.v:10:      : q is declared here as wire.
dump_elab/Module_shift8_1_1.v:17: error: q is not a valid l-value in top_module_tb.UUT.
dump_elab/Module_shift8_1_1.v:10:      : q is declared here as wire.
dump_elab/Module_shift8_1_1.v:18: error: q is not a valid l-value in top_module_tb.UUT.
dump_elab/Module_shift8_1_1.v:10:      : q is declared here as wire.
Elaboration failed

Reward =  -1
-------SAMPLE:  2 ------
TEXT:
module my_dff8 ( input clk, input [7:0] d, output [7:0] q );    
    always @(posedge clk)
        q <= d;
endmodule

module top_module ( 
    input clk, 
    input [7:0] d, 
    input [1:0] sel, 
    output [7:0] q 
);

    always @ (posedge clk) begin
        case(sel)
            2'b00: q <= d;
            2'b01: q <= {d[0], d[7:1]};
            2'b10: q <= {d[1:0], d[7:2]};
            2'b11: q <= {d[2:0], d[7:3]};
        endcase
    end

endmodule
Writing result file: 
error compiling testbench:  /mnt/shared-scratch/Rajendran_J/matthewdelorenzo/codellama/elab_tb/Module_shift8.v
Return code: 1
stderr: dump_elab/Module_shift8_1_2.v:3: error: q is not a valid l-value in my_dff8.
dump_elab/Module_shift8_1_2.v:1:      : q is declared here as wire.
dump_elab/Module_shift8_1_2.v:15: error: q is not a valid l-value in top_module_tb.UUT.
dump_elab/Module_shift8_1_2.v:10:      : q is declared here as wire.
dump_elab/Module_shift8_1_2.v:16: error: q is not a valid l-value in top_module_tb.UUT.
dump_elab/Module_shift8_1_2.v:10:      : q is declared here as wire.
dump_elab/Module_shift8_1_2.v:17: error: q is not a valid l-value in top_module_tb.UUT.
dump_elab/Module_shift8_1_2.v:10:      : q is declared here as wire.
dump_elab/Module_shift8_1_2.v:18: error: q is not a valid l-value in top_module_tb.UUT.
dump_elab/Module_shift8_1_2.v:10:      : q is declared here as wire.
Elaboration failed

Reward =  -1
-------SAMPLE:  3 ------
TEXT:
module my_dff8 ( input clk, input [7:0] d, output [7:0] q );    
    always @(posedge clk)
        q <= d;
endmodule

module top_module ( 
    input clk, 
    input [7:0] d, 
    input [1:0] sel, 
    output [7:0] q 
);

    always @ (posedge clk) begin
        case (sel)
            2'b00: q <= d;
            2'b01: q <= {d[0], d[7:1]};
            2'b10: q <= {d[1:0], d[7:2]};
            2'b11: q <= {d[2:0], d[7:3]};
        endcase
    end

endmodule
Writing result file: 
error compiling testbench:  /mnt/shared-scratch/Rajendran_J/matthewdelorenzo/codellama/elab_tb/Module_shift8.v
Return code: 1
stderr: dump_elab/Module_shift8_1_3.v:3: error: q is not a valid l-value in my_dff8.
dump_elab/Module_shift8_1_3.v:1:      : q is declared here as wire.
dump_elab/Module_shift8_1_3.v:15: error: q is not a valid l-value in top_module_tb.UUT.
dump_elab/Module_shift8_1_3.v:10:      : q is declared here as wire.
dump_elab/Module_shift8_1_3.v:16: error: q is not a valid l-value in top_module_tb.UUT.
dump_elab/Module_shift8_1_3.v:10:      : q is declared here as wire.
dump_elab/Module_shift8_1_3.v:17: error: q is not a valid l-value in top_module_tb.UUT.
dump_elab/Module_shift8_1_3.v:10:      : q is declared here as wire.
dump_elab/Module_shift8_1_3.v:18: error: q is not a valid l-value in top_module_tb.UUT.
dump_elab/Module_shift8_1_3.v:10:      : q is declared here as wire.
Elaboration failed

Reward =  -1
-------SAMPLE:  4 ------
TEXT:
module my_dff8 ( input clk, input [7:0] d, output [7:0] q );    
    always @(posedge clk)
        q <= d;
endmodule

module top_module ( 
    input clk, 
    input [7:0] d, 
    input [1:0] sel, 
    output [7:0] q 
);

    always @ (posedge clk)
        case (sel)
            2'b00: q <= d;
            2'b01: q <= {d[0], d[7:1]};
            2'b10: q <= {d[1:0], d[7:2]};
            2'b11: q <= {d[2:0], d[7:3]};
        endcase

endmodule
Writing result file: 
error compiling testbench:  /mnt/shared-scratch/Rajendran_J/matthewdelorenzo/codellama/elab_tb/Module_shift8.v
Return code: 1
stderr: dump_elab/Module_shift8_1_4.v:3: error: q is not a valid l-value in my_dff8.
dump_elab/Module_shift8_1_4.v:1:      : q is declared here as wire.
dump_elab/Module_shift8_1_4.v:15: error: q is not a valid l-value in top_module_tb.UUT.
dump_elab/Module_shift8_1_4.v:10:      : q is declared here as wire.
dump_elab/Module_shift8_1_4.v:16: error: q is not a valid l-value in top_module_tb.UUT.
dump_elab/Module_shift8_1_4.v:10:      : q is declared here as wire.
dump_elab/Module_shift8_1_4.v:17: error: q is not a valid l-value in top_module_tb.UUT.
dump_elab/Module_shift8_1_4.v:10:      : q is declared here as wire.
dump_elab/Module_shift8_1_4.v:18: error: q is not a valid l-value in top_module_tb.UUT.
dump_elab/Module_shift8_1_4.v:10:      : q is declared here as wire.
Elaboration failed

Reward =  -1
-------SAMPLE:  5 ------
TEXT:
module my_dff8 ( input clk, input [7:0] d, output [7:0] q );    
    always @(posedge clk)
        q <= d;
endmodule

module top_module ( 
    input clk, 
    input [7:0] d, 
    input [1:0] sel, 
    output [7:0] q 
);

    always @ (posedge clk) begin
        case (sel)
            2'b00: q <= d;
            2'b01: q <= {d[0], d[7:1]};
            2'b10: q <= {d[1:0], d[7:2]};
            2'b11: q <= {d[2:0], d[7:3]};
        endcase
    end

endmodule
Writing result file: 
error compiling testbench:  /mnt/shared-scratch/Rajendran_J/matthewdelorenzo/codellama/elab_tb/Module_shift8.v
Return code: 1
stderr: dump_elab/Module_shift8_1_5.v:3: error: q is not a valid l-value in my_dff8.
dump_elab/Module_shift8_1_5.v:1:      : q is declared here as wire.
dump_elab/Module_shift8_1_5.v:15: error: q is not a valid l-value in top_module_tb.UUT.
dump_elab/Module_shift8_1_5.v:10:      : q is declared here as wire.
dump_elab/Module_shift8_1_5.v:16: error: q is not a valid l-value in top_module_tb.UUT.
dump_elab/Module_shift8_1_5.v:10:      : q is declared here as wire.
dump_elab/Module_shift8_1_5.v:17: error: q is not a valid l-value in top_module_tb.UUT.
dump_elab/Module_shift8_1_5.v:10:      : q is declared here as wire.
dump_elab/Module_shift8_1_5.v:18: error: q is not a valid l-value in top_module_tb.UUT.
dump_elab/Module_shift8_1_5.v:10:      : q is declared here as wire.
Elaboration failed

Reward =  -1
-------SAMPLE:  6 ------
TEXT:
module my_dff8 ( input clk, input [7:0] d, output [7:0] q );    
    always @(posedge clk)
        q <= d;
endmodule  

module top_module ( 
    input clk, 
    input [7:0] d, 
    input [1:0] sel, 
    output [7:0] q 
);

    always @ (posedge clk) begin
        case (sel)
            2'b00: q <= d;
            2'b01: q <= {d[0],d[7:1]};
            2'b10: q <= {d[1:0],d[7:2]};
            2'b11: q <= {d[2:0],d[7:3]};
        endcase
    end

endmodule
Writing result file: 
error compiling testbench:  /mnt/shared-scratch/Rajendran_J/matthewdelorenzo/codellama/elab_tb/Module_shift8.v
Return code: 1
stderr: dump_elab/Module_shift8_1_6.v:3: error: q is not a valid l-value in my_dff8.
dump_elab/Module_shift8_1_6.v:1:      : q is declared here as wire.
dump_elab/Module_shift8_1_6.v:15: error: q is not a valid l-value in top_module_tb.UUT.
dump_elab/Module_shift8_1_6.v:10:      : q is declared here as wire.
dump_elab/Module_shift8_1_6.v:16: error: q is not a valid l-value in top_module_tb.UUT.
dump_elab/Module_shift8_1_6.v:10:      : q is declared here as wire.
dump_elab/Module_shift8_1_6.v:17: error: q is not a valid l-value in top_module_tb.UUT.
dump_elab/Module_shift8_1_6.v:10:      : q is declared here as wire.
dump_elab/Module_shift8_1_6.v:18: error: q is not a valid l-value in top_module_tb.UUT.
dump_elab/Module_shift8_1_6.v:10:      : q is declared here as wire.
Elaboration failed

Reward =  -1
-------SAMPLE:  7 ------
TEXT:
module my_dff8 ( input clk, input [7:0] d, output [7:0] q );    
    always @(posedge clk)
        q <= d;
endmodule

module top_module ( 
    input clk, 
    input [7:0] d, 
    input [1:0] sel, 
    output [7:0] q 
);

    // Write code here
    reg [7:0] q1, q2, q3;
    always @(posedge clk) begin
        q1 <= d;
        q2 <= q1;
        q3 <= q2;
    end
    
    always @(sel) begin
        case(sel)
            2'b00: q <= d;
            2'b01: q <= q1;
            2'b10: q <= q2;
            2'b11: q <= q3;
        endcase
    end
    
    
endmodule
Writing result file: 
error compiling testbench:  /mnt/shared-scratch/Rajendran_J/matthewdelorenzo/codellama/elab_tb/Module_shift8.v
Return code: 1
stderr: dump_elab/Module_shift8_1_7.v:3: error: q is not a valid l-value in my_dff8.
dump_elab/Module_shift8_1_7.v:1:      : q is declared here as wire.
dump_elab/Module_shift8_1_7.v:23: error: q is not a valid l-value in top_module_tb.UUT.
dump_elab/Module_shift8_1_7.v:10:      : q is declared here as wire.
dump_elab/Module_shift8_1_7.v:24: error: q is not a valid l-value in top_module_tb.UUT.
dump_elab/Module_shift8_1_7.v:10:      : q is declared here as wire.
dump_elab/Module_shift8_1_7.v:25: error: q is not a valid l-value in top_module_tb.UUT.
dump_elab/Module_shift8_1_7.v:10:      : q is declared here as wire.
dump_elab/Module_shift8_1_7.v:26: error: q is not a valid l-value in top_module_tb.UUT.
dump_elab/Module_shift8_1_7.v:10:      : q is declared here as wire.
Elaboration failed

Reward =  -1
-------SAMPLE:  8 ------
TEXT:
module my_dff8 ( input clk, input [7:0] d, output [7:0] q );    
    always @(posedge clk)
        q <= d;
endmodule

module top_module ( 
    input clk, 
    input [7:0] d, 
    input [1:0] sel, 
    output [7:0] q 
);

    // Write your code here
    reg [7:0] q1, q2, q3;
    always @ (posedge clk) begin
        case (sel)
            2'b00: q1 <= d;
            2'b01: q2 <= d;
            2'b10: q3 <= d;
            default: q <= d;
        endcase
    end
    always @ (posedge clk) begin
        q <= q1;
    end
    
    // Write your code here
    
    // or browse Examples
    // https://www.fpga4student.com/2017/04/verilog-practice-8-using-case-statement-to.html
    
    // or browse Examples
    // https://www.fpga4student.com/2017/04/verilog-practice-8-using-case-statement-to.html
    
    // or browse Examples
    // https://www.fpga4student.com/2017/04/verilog-practice-8-using-case-statement-to.html
    
    // or browse Examples
    // https://www.fpga4student.com/2017/04/verilog-practice-8-using-case-statement-to.html
    
    // or browse Examples
    // https://www.fpga4student.com/2017/04/verilog-practice-8-using-case-statement-to.html
    
    // or browse Examples
    // https://www.fpga4student.com/2017/04/verilog-practice-8-using-case-statement-to.html
    
    // or browse Examples
    // https://www.fpga4student.com/2017/04/verilog-practice-8-using-case-statement-to.html
    
    // or browse Examples
    // https://www.fpga4student.com/2017/04/verilog-practice-8-using-case-statement-to.html
    
    // or browse Examples
    // https://www.fpga4student.com/2017/04/verilog-practice-8-using-case-statement-to.html
    
    // or browse Examples
    // https://www.fpga4student.com/2017/04/verilog-practice-8-using-case-statement-to.html
    
    // or browse Examples
    // https://www.fpga4student.com/2017/04/verilog-practice-8-using-case-statement-to.html
    
    // or browse Examples
    // https://www.fpga4student.com/2017/04/verilog-practice-8-using-case-statement-to.html
    
    // or browse Examples
    // https://www.fpga4student.com/2017/04/verilog-practice-8-using-case-statement-to.html
    
    // or browse Examples
    // https://www.fpga4student.com/2017/04/verilog-practice-8-using-case-statement-to.html
    
    // or browse Examples
    // https://www.fpga4student.com/2017/04/verilog-practice-8-using-case-statement-to.html
    
    // or browse Examples
    // https://www.fpga4student.com/2017/04/verilog-practice-8-using-case-statement-to.html
    
    // or browse Examples
    // https://www.fpga4student.com/2017/04/verilog-practice-8-using-case-statement-to.html
    
    // or browse Examples
    // https://www.fpga4student.com/2017/04/verilog-practice-8-using-case-statement-to.html
    
    // or browse Examples
    // https://www.fpga4student.com/2017/04/verilog-practice-8-using-case-statement-to.html
    
    // or browse Examples
    // https://www.fpga4student.com/2017/04/verilog-practice-8-using-case-statement-to.html
    
    // or browse Examples
    // https://www.fpga4student.com/2017/04/verilog-practice-8-using-case-statement-to.html
Writing result file: 
error compiling testbench:  /mnt/shared-scratch/Rajendran_J/matthewdelorenzo/codellama/elab_tb/Module_shift8.v
Return code: 3
stderr: /mnt/shared-scratch/Rajendran_J/matthewdelorenzo/codellama/elab_tb/Module_shift8.v:1: error: `timescale directive can not be inside a module definition.
/mnt/shared-scratch/Rajendran_J/matthewdelorenzo/codellama/elab_tb/Module_shift8.v:518: syntax error
I give up.

Reward =  -1
-------SAMPLE:  9 ------
TEXT:
module my_dff8 ( input clk, input [7:0] d, output [7:0] q );    
    always @(posedge clk)
        q <= d;
endmodule

module top_module ( 
    input clk, 
    input [7:0] d, 
    input [1:0] sel, 
    output [7:0] q 
);

    // Write your code here
    reg [7:0] q_0, q_1, q_2;
    always @(posedge clk)
        case (sel)
            2'd0: q_0 <= d;
            2'd1: q_1 <= d;
            2'd2: q_2 <= d;
        endcase
    assign q = (sel == 2'd0)? q_0 :
               (sel == 2'd1)? q_1 :
               (sel == 2'd2)? q_2 : 8'd0;
Writing result file: 
error compiling testbench:  /mnt/shared-scratch/Rajendran_J/matthewdelorenzo/codellama/elab_tb/Module_shift8.v
Return code: 3
stderr: /mnt/shared-scratch/Rajendran_J/matthewdelorenzo/codellama/elab_tb/Module_shift8.v:1: error: `timescale directive can not be inside a module definition.
/mnt/shared-scratch/Rajendran_J/matthewdelorenzo/codellama/elab_tb/Module_shift8.v:518: syntax error
I give up.

Reward =  -1
-----ITERATION:  2 -------
-------SAMPLE:  0 ------
TEXT:
module add16 ( input[15:0] a, input[15:0] b, input cin, output[15:0] sum, output cout );
    assign sum = a + b;
endmodule

module top_module (
    input [31:0] a,
    input [31:0] b,
    output [31:0] sum
    // Insert your code here
);

assign sum = a + b;

endmodule
Writing result file: 
Successful compilation - running simulation
Verilog testbench simulation ran successfully.
Simulation output:  b'Test 0 passed!\nTest 1 passed!\nTest 2 passed!\nTest 3 passed!\nTest 4 passed!\nTest 5 passed!\nTest 6 passed!\nTest 7 passed!\nTest 8 passed!\nAll tests passed!\n'

All testbench tests passed!
Reward =  1
-------SAMPLE:  1 ------
TEXT:
module add16 ( input[15:0] a, input[15:0] b, input cin, output[15:0] sum, output cout );
    assign sum = a + b;
endmodule

module top_module (
    input [31:0] a,
    input [31:0] b,
    output [31:0] sum
    // Insert your code here
);
    
    wire cin = 1'b0;
    wire cout;
    wire [15:0] sum1, sum2;
    
    add16 u1_add16 (a[15:0], b[15:0], cin, sum1, cout);
    add16 u2_add16 (a[31:16], b[31:16], cout, sum2, cout);
    
    assign sum = {sum2, sum1};
    
endmodule
Writing result file: 
Successful compilation - running simulation
Verilog testbench simulation ran successfully.
Some testbench tests failed.
Simulation output:  b'Test 0 passed!\nTest 1 passed!\nTest 2 passed!\nTest 3 passed!\nTest 4 passed!\nTest 5 passed!\nTest 6 passed!\nTest 7 passed!\nMismatch at index 8: Inputs = [00000000000000001111111111111111, 00000000000000000000000000000001], Generated = [00000000000000000000000000000000], Reference = [00000000000000010000000000000000]\n1 mismatches out of 9 total tests.\n'

Reward =  -0.5
-------SAMPLE:  2 ------
TEXT:
module add16 ( input[15:0] a, input[15:0] b, input cin, output[15:0] sum, output cout );
    assign sum = a + b;
endmodule

module top_module (
    input [31:0] a,
    input [31:0] b,
    output [31:0] sum
    // Insert your code here
);
    
    wire cin = 1'b0;
    wire cout;
    wire [15:0] sum1, sum2;
    
    add16 u1_add16 (
       .a(a[15:0]),
       .b(b[15:0]),
       .cin(cin),
       .sum(sum1),
       .cout(cout)
    );
    
    add16 u2_add16 (
       .a(a[31:16]),
       .b(b[31:16]),
       .cin(cout),
       .sum(sum2),
       .cout(cout)
    );
    
    assign sum = {sum2, sum1};
    
endmodule
Writing result file: 
Successful compilation - running simulation
Verilog testbench simulation ran successfully.
Some testbench tests failed.
Simulation output:  b'Test 0 passed!\nTest 1 passed!\nTest 2 passed!\nTest 3 passed!\nTest 4 passed!\nTest 5 passed!\nTest 6 passed!\nTest 7 passed!\nMismatch at index 8: Inputs = [00000000000000001111111111111111, 00000000000000000000000000000001], Generated = [00000000000000000000000000000000], Reference = [00000000000000010000000000000000]\n1 mismatches out of 9 total tests.\n'

Reward =  -0.5
-------SAMPLE:  3 ------
TEXT:
module add16 ( input[15:0] a, input[15:0] b, input cin, output[15:0] sum, output cout );
    assign sum = a + b;
endmodule

module top_module (
    input [31:0] a,
    input [31:0] b,
    output [31:0] sum
    // Insert your code here
);

wire [15:0] sum1, sum2;

add16 u1(a[15:0], b[15:0], 0, sum1, sum2);
add16 u2(a[31:16], b[31:16], sum2[15], sum, sum2);

endmodule
Writing result file: 
Warnings compiling testbench:  /mnt/shared-scratch/Rajendran_J/matthewdelorenzo/codellama/elab_tb/Module_fadd.v
stderr: dump_elab/Module_fadd_2_3.v:14: warning: Port 3 (cin) of add16 expects 1 bits, got 32.
dump_elab/Module_fadd_2_3.v:14:        : Pruning (signed) 31 high bits of the expression.
dump_elab/Module_fadd_2_3.v:14: warning: Port 5 (cout) of add16 expects 1 bits, got 16.
dump_elab/Module_fadd_2_3.v:14:        : Padding 15 high bits of the expression.
dump_elab/Module_fadd_2_3.v:15: warning: Port 4 (sum) of add16 expects 16 bits, got 32.
dump_elab/Module_fadd_2_3.v:15:        : Padding 16 high bits of the expression.
dump_elab/Module_fadd_2_3.v:15: warning: Port 5 (cout) of add16 expects 1 bits, got 16.
dump_elab/Module_fadd_2_3.v:15:        : Padding 15 high bits of the expression.

Verilog testbench simulation ran successfully.
Some testbench tests failed.
Simulation output:  b'Test 0 passed!\nMismatch at index 1: Inputs = [00000000000000000000000000000000, 00000000000000000000000000000001], Generated = [00000000000000000000000000000000], Reference = [00000000000000000000000000000001]\nMismatch at index 2: Inputs = [00000000000000000000000000000001, 00000000000000000000000000000000], Generated = [00000000000000000000000000000000], Reference = [00000000000000000000000000000001]\nMismatch at index 3: Inputs = [00000000000000000000000000000001, 00000000000000000000000000000001], Generated = [00000000000000000000000000000000], Reference = [00000000000000000000000000000010]\nMismatch at index 4: Inputs = [00000000000000000000000000000000, 00000000000000000000000000000001], Generated = [00000000000000000000000000000000], Reference = [00000000000000000000000000000001]\nMismatch at index 5: Inputs = [00000000000000000000000000000001, 00000000000000000000000000000011], Generated = [00000000000000000000000000000000], Reference = [00000000000000000000000000000100]\nMismatch at index 6: Inputs = [00000000000000000000000000000011, 00000000000000000000000000000011], Generated = [00000000000000000000000000000000], Reference = [00000000000000000000000000000110]\nMismatch at index 7: Inputs = [00000000000000001111111111111111, 00000000000000000000000000000000], Generated = [00000000000000000000000000000000], Reference = [00000000000000001111111111111111]\nMismatch at index 8: Inputs = [00000000000000001111111111111111, 00000000000000000000000000000001], Generated = [00000000000000000000000000000000], Reference = [00000000000000010000000000000000]\n8 mismatches out of 9 total tests.\n'

Reward =  -0.5
-------SAMPLE:  4 ------
TEXT:
module add16 ( input[15:0] a, input[15:0] b, input cin, output[15:0] sum, output cout );
    assign sum = a + b;
endmodule

module top_module (
    input [31:0] a,
    input [31:0] b,
    output [31:0] sum
    // Insert your code here
);

assign sum = a + b;

endmodule
Writing result file: 
Successful compilation - running simulation
Verilog testbench simulation ran successfully.
Simulation output:  b'Test 0 passed!\nTest 1 passed!\nTest 2 passed!\nTest 3 passed!\nTest 4 passed!\nTest 5 passed!\nTest 6 passed!\nTest 7 passed!\nTest 8 passed!\nAll tests passed!\n'

All testbench tests passed!
Reward =  1
-------SAMPLE:  5 ------
TEXT:
module add16 ( input[15:0] a, input[15:0] b, input cin, output[15:0] sum, output cout );
    assign sum = a + b;
endmodule

module top_module (
    input [31:0] a,
    input [31:0] b,
    output [31:0] sum
    // Insert your code here
);

assign sum = a + b;

endmodule
Writing result file: 
Successful compilation - running simulation
Verilog testbench simulation ran successfully.
Simulation output:  b'Test 0 passed!\nTest 1 passed!\nTest 2 passed!\nTest 3 passed!\nTest 4 passed!\nTest 5 passed!\nTest 6 passed!\nTest 7 passed!\nTest 8 passed!\nAll tests passed!\n'

All testbench tests passed!
Reward =  1
-------SAMPLE:  6 ------
TEXT:
module add16 ( input[15:0] a, input[15:0] b, input cin, output[15:0] sum, output cout );
    assign sum = a + b;
endmodule

module top_module (
    input [31:0] a,
    input [31:0] b,
    output [31:0] sum
    // Insert your code here
);

wire [15:0] sum1, sum2;

add16 add1_0 (
   .a(a[15:0]),
   .b(b[15:0]),
   .cin(0),
   .sum(sum1),
   .cout(sum2[0])
);

add16 add1_1 (
   .a(a[31:16]),
   .b(b[31:16]),
   .cin(sum2[0]),
   .sum(sum1),
   .cout(sum2[1])
);

assign sum[31:16] = sum1;

endmodule
Writing result file: 
Warnings compiling testbench:  /mnt/shared-scratch/Rajendran_J/matthewdelorenzo/codellama/elab_tb/Module_fadd.v
stderr: dump_elab/Module_fadd_2_6.v:14: warning: Port 3 (cin) of add16 expects 1 bits, got 32.
dump_elab/Module_fadd_2_6.v:14:        : Pruning (signed) 31 high bits of the expression.

Verilog testbench simulation ran successfully.
Some testbench tests failed.
Simulation output:  b'Mismatch at index 0: Inputs = [00000000000000000000000000000000, 00000000000000000000000000000000], Generated = [0000000000000000zzzzzzzzzzzzzzzz], Reference = [00000000000000000000000000000000]\nMismatch at index 1: Inputs = [00000000000000000000000000000000, 00000000000000000000000000000001], Generated = [000000000000000xzzzzzzzzzzzzzzzz], Reference = [00000000000000000000000000000001]\nMismatch at index 2: Inputs = [00000000000000000000000000000001, 00000000000000000000000000000000], Generated = [000000000000000xzzzzzzzzzzzzzzzz], Reference = [00000000000000000000000000000001]\nMismatch at index 3: Inputs = [00000000000000000000000000000001, 00000000000000000000000000000001], Generated = [00000000000000x0zzzzzzzzzzzzzzzz], Reference = [00000000000000000000000000000010]\nMismatch at index 4: Inputs = [00000000000000000000000000000000, 00000000000000000000000000000001], Generated = [000000000000000xzzzzzzzzzzzzzzzz], Reference = [00000000000000000000000000000001]\nMismatch at index 5: Inputs = [00000000000000000000000000000001, 00000000000000000000000000000011], Generated = [0000000000000x00zzzzzzzzzzzzzzzz], Reference = [00000000000000000000000000000100]\nMismatch at index 6: Inputs = [00000000000000000000000000000011, 00000000000000000000000000000011], Generated = [0000000000000xx0zzzzzzzzzzzzzzzz], Reference = [00000000000000000000000000000110]\nMismatch at index 7: Inputs = [00000000000000001111111111111111, 00000000000000000000000000000000], Generated = [xxxxxxxxxxxxxxxxzzzzzzzzzzzzzzzz], Reference = [00000000000000001111111111111111]\nMismatch at index 8: Inputs = [00000000000000001111111111111111, 00000000000000000000000000000001], Generated = [0000000000000000zzzzzzzzzzzzzzzz], Reference = [00000000000000010000000000000000]\n9 mismatches out of 9 total tests.\n'

Reward =  -0.5
-------SAMPLE:  7 ------
TEXT:
module add16 ( input[15:0] a, input[15:0] b, input cin, output[15:0] sum, output cout );
    assign sum = a + b;
endmodule

module top_module (
    input [31:0] a,
    input [31:0] b,
    output [31:0] sum
    // Insert your code here
);

assign sum = a + b;

endmodule
Writing result file: 
Successful compilation - running simulation
Verilog testbench simulation ran successfully.
Simulation output:  b'Test 0 passed!\nTest 1 passed!\nTest 2 passed!\nTest 3 passed!\nTest 4 passed!\nTest 5 passed!\nTest 6 passed!\nTest 7 passed!\nTest 8 passed!\nAll tests passed!\n'

All testbench tests passed!
Reward =  1
-------SAMPLE:  8 ------
TEXT:
module add16 ( input[15:0] a, input[15:0] b, input cin, output[15:0] sum, output cout );
    assign sum = a + b;
endmodule

module top_module (
    input [31:0] a,
    input [31:0] b,
    output [31:0] sum
    // Insert your code here
);
    
    assign sum = a + b;
    
endmodule
Writing result file: 
Successful compilation - running simulation
Verilog testbench simulation ran successfully.
Simulation output:  b'Test 0 passed!\nTest 1 passed!\nTest 2 passed!\nTest 3 passed!\nTest 4 passed!\nTest 5 passed!\nTest 6 passed!\nTest 7 passed!\nTest 8 passed!\nAll tests passed!\n'

All testbench tests passed!
Reward =  1
-------SAMPLE:  9 ------
TEXT:
module add16 ( input[15:0] a, input[15:0] b, input cin, output[15:0] sum, output cout );
    assign sum = a + b;
endmodule

module top_module (
    input [31:0] a,
    input [31:0] b,
    output [31:0] sum
    // Insert your code here
);

assign sum = a+b;

endmodule
Writing result file: 
Successful compilation - running simulation
Verilog testbench simulation ran successfully.
Simulation output:  b'Test 0 passed!\nTest 1 passed!\nTest 2 passed!\nTest 3 passed!\nTest 4 passed!\nTest 5 passed!\nTest 6 passed!\nTest 7 passed!\nTest 8 passed!\nAll tests passed!\n'

All testbench tests passed!
Reward =  1
-----ITERATION:  3 -------
-------SAMPLE:  0 ------
TEXT:
module add16 ( input[15:0] a, input[15:0] b, input cin, output[15:0] sum, output cout );
    assign sum = a + b;
endmodule

module top_module(
    input [31:0] a,
    input [31:0] b,
    output [31:0] sum
);
    wire cin = 1'b0;
    wire [15:0] sum1, sum2;
    wire [16:0] sum3;
    add16 instance1(.a(a[15:0]),.b(b[15:0]),.cin(cin),.sum(sum1),.cout(cout1));
    add16 instance2(.a(a[31:16]),.b(b[31:16]),.cin(cout1),.sum(sum2),.cout(cout2));
    assign sum3 = {cout2, sum2};
    assign sum = sum3[16:0];
endmodule
Writing result file: 
Successful compilation - running simulation
Verilog testbench simulation ran successfully.
Some testbench tests failed.
Simulation output:  b'Mismatch at index 0: Inputs = [00000000000000000000000000000000, 00000000000000000000000000000000], Generated = [000000000000000z0000000000000000], Reference = [00000000000000000000000000000000]\nMismatch at index 1: Inputs = [00000000000000000000000000000000, 00000000000000000000000000000001], Generated = [000000000000000z0000000000000000], Reference = [00000000000000000000000000000001]\nMismatch at index 2: Inputs = [00000000000000000000000000000000, 00000000000000000000000000000010], Generated = [000000000000000z0000000000000000], Reference = [00000000000000000000000000000010]\nMismatch at index 3: Inputs = [00000000000000000000000000000001, 00000000000000000000000000000010], Generated = [000000000000000z0000000000000000], Reference = [00000000000000000000000000000011]\nMismatch at index 4: Inputs = [00000000000000001111111111111111, 00000000000000000000000000000000], Generated = [000000000000000z0000000000000000], Reference = [00000000000000001111111111111111]\nMismatch at index 5: Inputs = [00000000000000001111111111111111, 00000000000000000000000000000001], Generated = [000000000000000z0000000000000000], Reference = [00000000000000010000000000000000]\nMismatch at index 6: Inputs = [00000000000000001111111111111111, 00000000000000101100110011000001], Generated = [000000000000000z0000000000000010], Reference = [00000000000000111100110011000000]\n7 mismatches out of 7 total tests.\n'

Reward =  -0.5
-------SAMPLE:  1 ------
TEXT:
module add16 ( input[15:0] a, input[15:0] b, input cin, output[15:0] sum, output cout );
    assign sum = a + b;
endmodule

module top_module(
    input [31:0] a,
    input [31:0] b,
    output [31:0] sum
);

assign {cout, sum} = a + b;

endmodule
Writing result file: 
Successful compilation - running simulation
Verilog testbench simulation ran successfully.
Simulation output:  b'Test 0 passed!\nTest 1 passed!\nTest 2 passed!\nTest 3 passed!\nTest 4 passed!\nTest 5 passed!\nTest 6 passed!\nAll tests passed!\n'

All testbench tests passed!
Reward =  1
-------SAMPLE:  2 ------
TEXT:
module add16 ( input[15:0] a, input[15:0] b, input cin, output[15:0] sum, output cout );
    assign sum = a + b;
endmodule

module top_module(
    input [31:0] a,
    input [31:0] b,
    output [31:0] sum
);

assign {cout, sum} = a + b;

endmodule
Writing result file: 
Successful compilation - running simulation
Verilog testbench simulation ran successfully.
Simulation output:  b'Test 0 passed!\nTest 1 passed!\nTest 2 passed!\nTest 3 passed!\nTest 4 passed!\nTest 5 passed!\nTest 6 passed!\nAll tests passed!\n'

All testbench tests passed!
Reward =  1
-------SAMPLE:  3 ------
TEXT:
module add16 ( input[15:0] a, input[15:0] b, input cin, output[15:0] sum, output cout );
    assign sum = a + b;
endmodule

module top_module(
    input [31:0] a,
    input [31:0] b,
    output [31:0] sum
);

assign {cout,sum} = a + b;

endmodule
Writing result file: 
Successful compilation - running simulation
Verilog testbench simulation ran successfully.
Simulation output:  b'Test 0 passed!\nTest 1 passed!\nTest 2 passed!\nTest 3 passed!\nTest 4 passed!\nTest 5 passed!\nTest 6 passed!\nAll tests passed!\n'

All testbench tests passed!
Reward =  1
-------SAMPLE:  4 ------
TEXT:
module add16 ( input[15:0] a, input[15:0] b, input cin, output[15:0] sum, output cout );
    assign sum = a + b;
endmodule

module top_module(
    input [31:0] a,
    input [31:0] b,
    output [31:0] sum
);

assign {cout, sum} = a + b;

endmodule
Writing result file: 
Successful compilation - running simulation
Verilog testbench simulation ran successfully.
Simulation output:  b'Test 0 passed!\nTest 1 passed!\nTest 2 passed!\nTest 3 passed!\nTest 4 passed!\nTest 5 passed!\nTest 6 passed!\nAll tests passed!\n'

All testbench tests passed!
Reward =  1
-------SAMPLE:  5 ------
TEXT:
module add16 ( input[15:0] a, input[15:0] b, input cin, output[15:0] sum, output cout );
    assign sum = a + b;
endmodule

module top_module(
    input [31:0] a,
    input [31:0] b,
    output [31:0] sum
);

assign {cout, sum} = a + b;

endmodule
Writing result file: 
Successful compilation - running simulation
Verilog testbench simulation ran successfully.
Simulation output:  b'Test 0 passed!\nTest 1 passed!\nTest 2 passed!\nTest 3 passed!\nTest 4 passed!\nTest 5 passed!\nTest 6 passed!\nAll tests passed!\n'

All testbench tests passed!
Reward =  1
-------SAMPLE:  6 ------
TEXT:
module add16 ( input[15:0] a, input[15:0] b, input cin, output[15:0] sum, output cout );
    assign sum = a + b;
endmodule

module top_module(
    input [31:0] a,
    input [31:0] b,
    output [31:0] sum
);

assign {cout,sum} = a + b;

endmodule
Writing result file: 
Successful compilation - running simulation
Verilog testbench simulation ran successfully.
Simulation output:  b'Test 0 passed!\nTest 1 passed!\nTest 2 passed!\nTest 3 passed!\nTest 4 passed!\nTest 5 passed!\nTest 6 passed!\nAll tests passed!\n'

All testbench tests passed!
Reward =  1
-------SAMPLE:  7 ------
TEXT:
module add16 ( input[15:0] a, input[15:0] b, input cin, output[15:0] sum, output cout );
    assign sum = a + b;
endmodule

module top_module(
    input [31:0] a,
    input [31:0] b,
    output [31:0] sum
);

assign {cout, sum} = a + b;

endmodule
Writing result file: 
Successful compilation - running simulation
Verilog testbench simulation ran successfully.
Simulation output:  b'Test 0 passed!\nTest 1 passed!\nTest 2 passed!\nTest 3 passed!\nTest 4 passed!\nTest 5 passed!\nTest 6 passed!\nAll tests passed!\n'

All testbench tests passed!
Reward =  1
-------SAMPLE:  8 ------
TEXT:
module add16 ( input[15:0] a, input[15:0] b, input cin, output[15:0] sum, output cout );
    assign sum = a + b;
endmodule

module top_module(
    input [31:0] a,
    input [31:0] b,
    output [31:0] sum
);
    assign {cout, sum} = a + b;
endmodule
Writing result file: 
Successful compilation - running simulation
Verilog testbench simulation ran successfully.
Simulation output:  b'Test 0 passed!\nTest 1 passed!\nTest 2 passed!\nTest 3 passed!\nTest 4 passed!\nTest 5 passed!\nTest 6 passed!\nAll tests passed!\n'

All testbench tests passed!
Reward =  1
-------SAMPLE:  9 ------
TEXT:
module add16 ( input[15:0] a, input[15:0] b, input cin, output[15:0] sum, output cout );
    assign sum = a + b;
endmodule

module top_module(
    input [31:0] a,
    input [31:0] b,
    output [31:0] sum
);
    assign sum = a + b;
endmodule
Writing result file: 
Successful compilation - running simulation
Verilog testbench simulation ran successfully.
Simulation output:  b'Test 0 passed!\nTest 1 passed!\nTest 2 passed!\nTest 3 passed!\nTest 4 passed!\nTest 5 passed!\nTest 6 passed!\nAll tests passed!\n'

All testbench tests passed!
Reward =  1
-----ITERATION:  4 -------
-------SAMPLE:  0 ------
TEXT:
module add16 ( input[15:0] a, input[15:0] b, input cin, output[15:0] sum, output cout );
    assign sum = a + b;
endmodule

module top_module(
    input [31:0] a,
    input [31:0] b,
    output [31:0] sum
);
    
    wire cin = 1'b0;
    wire [15:0] sum1, sum2, sum3;
    wire cout1, cout2, cout3;
    add16 u1(a[15:0], b[15:0], cin, sum1, cout1);
    add16 u2(a[31:16], b[31:16], cout1, sum2, cout2);
    add16 u3(a[31:16], b[31:16], cout2, sum3, cout3);
    assign sum[31:16] = cout3;
    assign sum[15:0] = sum3;
    
endmodule
Writing result file: 
Successful compilation - running simulation
Verilog testbench simulation ran successfully.
Some testbench tests failed.
Simulation output:  b'Mismatch at index 0: Inputs = [00000000000000000000000000000000, 00000000000000000000000000000000], Generated = [000000000000000z0000000000000000], Reference = [00000000000000000000000000000000]\nMismatch at index 1: Inputs = [00000000000000000000000000000000, 00000000000000000000000000000001], Generated = [000000000000000z0000000000000000], Reference = [00000000000000000000000000000001]\nMismatch at index 2: Inputs = [00000000000000000000000000000000, 00000000000000000000000000000010], Generated = [000000000000000z0000000000000000], Reference = [00000000000000000000000000000010]\nMismatch at index 3: Inputs = [00000000000000000000000000000001, 00000000000000000000000000000010], Generated = [000000000000000z0000000000000000], Reference = [00000000000000000000000000000011]\nMismatch at index 4: Inputs = [00000000000000001111111111111111, 00000000000000000000000000000000], Generated = [000000000000000z0000000000000000], Reference = [00000000000000001111111111111111]\nMismatch at index 5: Inputs = [00000000000000001111111111111111, 00000000000000000000000000000001], Generated = [000000000000000z0000000000000000], Reference = [00000000000000010000000000000000]\nMismatch at index 6: Inputs = [00000000000000001111111111111111, 00000000000000101100110011000001], Generated = [000000000000000z0000000000000010], Reference = [00000000000000111100110011000000]\n7 mismatches out of 7 total tests.\n'

Reward =  -0.5
-------SAMPLE:  1 ------
TEXT:
module add16 ( input[15:0] a, input[15:0] b, input cin, output[15:0] sum, output cout );
    assign sum = a + b;
endmodule

module top_module(
    input [31:0] a,
    input [31:0] b,
    output [31:0] sum
);
    assign {cout, sum} = a + b;
endmodule
Writing result file: 
Successful compilation - running simulation
Verilog testbench simulation ran successfully.
Simulation output:  b'Test 0 passed!\nTest 1 passed!\nTest 2 passed!\nTest 3 passed!\nTest 4 passed!\nTest 5 passed!\nTest 6 passed!\nAll tests passed!\n'

All testbench tests passed!
Reward =  1
-------SAMPLE:  2 ------
TEXT:
module add16 ( input[15:0] a, input[15:0] b, input cin, output[15:0] sum, output cout );
    assign sum = a + b;
endmodule

module top_module(
    input [31:0] a,
    input [31:0] b,
    output [31:0] sum
);
    assign {cout, sum} = a + b;
endmodule
Writing result file: 
Successful compilation - running simulation
Verilog testbench simulation ran successfully.
Simulation output:  b'Test 0 passed!\nTest 1 passed!\nTest 2 passed!\nTest 3 passed!\nTest 4 passed!\nTest 5 passed!\nTest 6 passed!\nAll tests passed!\n'

All testbench tests passed!
Reward =  1
-------SAMPLE:  3 ------
TEXT:
module add16 ( input[15:0] a, input[15:0] b, input cin, output[15:0] sum, output cout );
    assign sum = a + b;
endmodule

module top_module(
    input [31:0] a,
    input [31:0] b,
    output [31:0] sum
);
    
    wire cin = 1'b0;
    wire [15:0] sum1, sum2;
    wire [16:0] sum3;
    
    add16 add16_0 (a[15:0], b[15:0], cin, sum1, c1);
    add16 add16_1 (a[31:16], b[31:16], c1, sum2, c2);
    
    assign sum3 = {1'b0, c2, sum1, sum2};
    
    assign sum = sum3[31:0];
    
endmodule
Writing result file: 
Successful compilation - running simulation
Verilog testbench simulation ran successfully.
Some testbench tests failed.
Simulation output:  b'Mismatch at index 0: Inputs = [00000000000000000000000000000000, 00000000000000000000000000000000], Generated = [xxxxxxxxxxxxxxx00000000000000000], Reference = [00000000000000000000000000000000]\nMismatch at index 1: Inputs = [00000000000000000000000000000000, 00000000000000000000000000000001], Generated = [xxxxxxxxxxxxxxx10000000000000000], Reference = [00000000000000000000000000000001]\nMismatch at index 2: Inputs = [00000000000000000000000000000000, 00000000000000000000000000000010], Generated = [xxxxxxxxxxxxxxx00000000000000000], Reference = [00000000000000000000000000000010]\nMismatch at index 3: Inputs = [00000000000000000000000000000001, 00000000000000000000000000000010], Generated = [xxxxxxxxxxxxxxx10000000000000000], Reference = [00000000000000000000000000000011]\nMismatch at index 4: Inputs = [00000000000000001111111111111111, 00000000000000000000000000000000], Generated = [xxxxxxxxxxxxxxx10000000000000000], Reference = [00000000000000001111111111111111]\nMismatch at index 5: Inputs = [00000000000000001111111111111111, 00000000000000000000000000000001], Generated = [xxxxxxxxxxxxxxx00000000000000000], Reference = [00000000000000010000000000000000]\nMismatch at index 6: Inputs = [00000000000000001111111111111111, 00000000000000101100110011000001], Generated = [xxxxxxxxxxxxxxx00000000000000010], Reference = [00000000000000111100110011000000]\n7 mismatches out of 7 total tests.\n'

Reward =  -0.5
-------SAMPLE:  4 ------
TEXT:
module add16 ( input[15:0] a, input[15:0] b, input cin, output[15:0] sum, output cout );
    assign sum = a + b;
endmodule

module top_module(
    input [31:0] a,
    input [31:0] b,
    output [31:0] sum
);

assign {cout,sum} = a+b;

endmodule
Writing result file: 
Successful compilation - running simulation
Verilog testbench simulation ran successfully.
Simulation output:  b'Test 0 passed!\nTest 1 passed!\nTest 2 passed!\nTest 3 passed!\nTest 4 passed!\nTest 5 passed!\nTest 6 passed!\nAll tests passed!\n'

All testbench tests passed!
Reward =  1
-------SAMPLE:  5 ------
TEXT:
module add16 ( input[15:0] a, input[15:0] b, input cin, output[15:0] sum, output cout );
    assign sum = a + b;
endmodule

module top_module(
    input [31:0] a,
    input [31:0] b,
    output [31:0] sum
);
    wire cin = 1'b0;
    wire [15:0] sum1, sum2;
    wire [16:0] sum3;
    add16 one(a[15:0], b[15:0], cin, sum1, c1);
    add16 two(a[31:16], b[31:16], c1, sum2, c2);
    assign sum3 = {sum2, c1};
    assign sum = sum3[16:0];
endmodule
Writing result file: 
Successful compilation - running simulation
Verilog testbench simulation ran successfully.
Some testbench tests failed.
Simulation output:  b'Mismatch at index 0: Inputs = [00000000000000000000000000000000, 00000000000000000000000000000000], Generated = [0000000000000000000000000000000z], Reference = [00000000000000000000000000000000]\nMismatch at index 1: Inputs = [00000000000000000000000000000000, 00000000000000000000000000000001], Generated = [0000000000000000000000000000000z], Reference = [00000000000000000000000000000001]\nMismatch at index 2: Inputs = [00000000000000000000000000000000, 00000000000000000000000000000010], Generated = [0000000000000000000000000000000z], Reference = [00000000000000000000000000000010]\nMismatch at index 3: Inputs = [00000000000000000000000000000001, 00000000000000000000000000000010], Generated = [0000000000000000000000000000000z], Reference = [00000000000000000000000000000011]\nMismatch at index 4: Inputs = [00000000000000001111111111111111, 00000000000000000000000000000000], Generated = [0000000000000000000000000000000z], Reference = [00000000000000001111111111111111]\nMismatch at index 5: Inputs = [00000000000000001111111111111111, 00000000000000000000000000000001], Generated = [0000000000000000000000000000000z], Reference = [00000000000000010000000000000000]\nMismatch at index 6: Inputs = [00000000000000001111111111111111, 00000000000000101100110011000001], Generated = [0000000000000000000000000000010z], Reference = [00000000000000111100110011000000]\n7 mismatches out of 7 total tests.\n'

Reward =  -0.5
-------SAMPLE:  6 ------
TEXT:
module add16 ( input[15:0] a, input[15:0] b, input cin, output[15:0] sum, output cout );
    assign sum = a + b;
endmodule

module top_module(
    input [31:0] a,
    input [31:0] b,
    output [31:0] sum
);
    wire cin = 1'b0;
    wire [31:0] sum_l = {1'b0,a} + {1'b0,b};
    wire [31:0] sum_h = {1'b0,a[31:16]} + {1'b0,b[31:16]};
    assign sum = {sum_h[31:16], sum_l};
    
endmodule
Writing result file: 
Successful compilation - running simulation
Verilog testbench simulation ran successfully.
Simulation output:  b'Test 0 passed!\nTest 1 passed!\nTest 2 passed!\nTest 3 passed!\nTest 4 passed!\nTest 5 passed!\nTest 6 passed!\nAll tests passed!\n'

All testbench tests passed!
Reward =  1
-------SAMPLE:  7 ------
TEXT:
module add16 ( input[15:0] a, input[15:0] b, input cin, output[15:0] sum, output cout );
    assign sum = a + b;
endmodule

module top_module(
    input [31:0] a,
    input [31:0] b,
    output [31:0] sum
);
    
    wire cin = 1'b0;
    wire [15:0] sum0, sum1;
    wire cout0, cout1;
    
    add16 u0_add16 (a[15:0], b[15:0], cin, sum0, cout0);
    add16 u1_add16 (a[31:16], b[31:16], cout0, sum1, cout1);
    
    assign sum[31:16] = sum1;
    assign sum[15:0] = sum0;
    
endmodule
Writing result file: 
Successful compilation - running simulation
Verilog testbench simulation ran successfully.
Some testbench tests failed.
Simulation output:  b'Test 0 passed!\nTest 1 passed!\nTest 2 passed!\nTest 3 passed!\nTest 4 passed!\nMismatch at index 5: Inputs = [00000000000000001111111111111111, 00000000000000000000000000000001], Generated = [00000000000000000000000000000000], Reference = [00000000000000010000000000000000]\nMismatch at index 6: Inputs = [00000000000000001111111111111111, 00000000000000101100110011000001], Generated = [00000000000000101100110011000000], Reference = [00000000000000111100110011000000]\n2 mismatches out of 7 total tests.\n'

Reward =  -0.5
-------SAMPLE:  8 ------
TEXT:
module add16 ( input[15:0] a, input[15:0] b, input cin, output[15:0] sum, output cout );
    assign sum = a + b;
endmodule

module top_module(
    input [31:0] a,
    input [31:0] b,
    output [31:0] sum
);

assign {cout, sum} = a + b;

endmodule
Writing result file: 
Successful compilation - running simulation
Verilog testbench simulation ran successfully.
Simulation output:  b'Test 0 passed!\nTest 1 passed!\nTest 2 passed!\nTest 3 passed!\nTest 4 passed!\nTest 5 passed!\nTest 6 passed!\nAll tests passed!\n'

All testbench tests passed!
Reward =  1
-------SAMPLE:  9 ------
TEXT:
module add16 ( input[15:0] a, input[15:0] b, input cin, output[15:0] sum, output cout );
    assign sum = a + b;
endmodule

module top_module(
    input [31:0] a,
    input [31:0] b,
    output [31:0] sum
);

assign {cout,sum} = a+b;

endmodule
Writing result file: 
Successful compilation - running simulation
Verilog testbench simulation ran successfully.
Simulation output:  b'Test 0 passed!\nTest 1 passed!\nTest 2 passed!\nTest 3 passed!\nTest 4 passed!\nTest 5 passed!\nTest 6 passed!\nAll tests passed!\n'

All testbench tests passed!
Reward =  1
-----ITERATION:  5 -------
-------SAMPLE:  0 ------
TEXT:
module add16 ( input[15:0] a, input[15:0] b, input cin, output[15:0] sum, output cout );
    assign sum = a + b;
endmodule

module top_module(
    input [31:0] a,
    input [31:0] b,
    input sub,
    output [31:0] sum
);

wire cin = 1'b0;
wire [31:0] b_xor_sub = b ^ {sub, cin};

// Instantiate two 16-bit adders.

adder16 adder0(a[15:0], b_xor_sub[15:0], sub, sum[15:0], cin);
adder16 adder1(a[31:16], b_xor_sub[31:16], sub, sum[31:16], cin);

endmodule
Writing result file: 
error compiling testbench:  /mnt/shared-scratch/Rajendran_J/matthewdelorenzo/codellama/elab_tb/Module_addsub.v
Return code: 3
stderr: dump_elab/Module_addsub_5_0.v:17: error: Unknown module type: adder16
dump_elab/Module_addsub_5_0.v:18: error: Unknown module type: adder16
3 error(s) during elaboration.
*** These modules were missing:
        adder16 referenced 2 times.
***

Reward =  -1
-------SAMPLE:  1 ------
TEXT:
module add16 ( input[15:0] a, input[15:0] b, input cin, output[15:0] sum, output cout );
    assign sum = a + b;
endmodule

module top_module(
    input [31:0] a,
    input [31:0] b,
    input sub,
    output [31:0] sum
);

// This is a 32-bit adder with carry-in. The output is a 32-bit number, so there is a single carry-out.

// The first carry-in is zero, and the carry-out is the same as the carry-in of the next adder.

// The carry-in and carry-out wires are named cin and cout, respectively.

// The sum is named sum, and the carry-out of the last adder is named cout.

// The carry-in of the first adder is zero, and the carry-out is named cin.

// The carry-in of the second adder is the carry-out of the first adder.

// The carry-out of the second adder is named cout.

// The carry-in of the third adder is the carry-out of the second adder.

// The carry-out of the third adder is named cin.

// The carry-in of the fourth adder is the carry-out of the third adder.

// The carry-out of the fourth adder is named cout.

// The carry-in of the fifth adder is the carry-out of the fourth adder.

// The carry-out of the fifth adder is named cin.

// The carry-in of the sixth adder is the carry-out of the fifth adder.

// The carry-out of the sixth adder is named cout.

// The carry-in of the seventh adder is the carry-out of the sixth adder.

// The carry-out of the seventh adder is named cin.

// The carry-in of the eighth adder is the carry-out of the seventh adder.

// The carry-out of the eighth adder is named cout.

// The carry-in of the ninth adder is the carry-out of the eighth adder.

// The carry-out of the ninth adder is named cin.

// The carry-in of the tenth adder is the carry-out of the ninth adder.

// The carry-out of the tenth adder is named cout.

// The carry-in of the eleventh adder is the carry-out of the tenth adder.

// The carry-out of the eleventh adder is named cin.

// The carry-in of the twelfth adder is the carry-out of the eleventh adder.

// The carry-out of the twelfth adder is named cout.

// The carry-in of the thirteenth adder is the carry-out of the twelfth adder.

// The carry-out of the thirteenth adder is named cin.

// The carry-in of the fourteenth adder is the carry-out of the thirteenth adder.

// The carry-out of the fourteenth adder is named cout.

// The carry-in of the fifteenth adder is the carry-out of the fourteenth adder.

// The carry-out of the fifteenth adder is named cin.

// The carry-in of the sixteenth adder is the carry-out of the fifteenth adder.

// The carry-out of the sixteenth adder is named cout.

// The carry-in of the seventeenth adder is the carry-out of the sixteenth adder.

// The carry-out of the seventeenth adder is named cin.

// The carry-in of the eighteenth adder is the carry-out of the seventeenth adder.

// The carry-out of the eighteenth adder is named cout.

// The carry-in of the nineteenth adder is the carry-out of the eighteenth adder.

// The carry-out of the nineteenth adder is named cin.

// The carry-in of the twentieth adder is the carry-out of the nineteenth adder.

// The carry-out of the twentieth adder is named cout.

// The carry-in of the twenty-first adder is the carry-out of the twentieth adder.

// The carry-out of the twenty-first adder is named cin.

// The carry-in of the twenty-second adder is the carry-out of the twenty-first adder.

// The carry-out of the twenty-second adder is named cout.

// The carry-in of the twenty-third adder is the carry-out of the twenty-second adder.
Writing result file: 
error compiling testbench:  /mnt/shared-scratch/Rajendran_J/matthewdelorenzo/codellama/elab_tb/Module_addsub.v
Return code: 3
stderr: /mnt/shared-scratch/Rajendran_J/matthewdelorenzo/codellama/elab_tb/Module_addsub.v:1: error: `timescale directive can not be inside a module definition.
/mnt/shared-scratch/Rajendran_J/matthewdelorenzo/codellama/elab_tb/Module_addsub.v:125: syntax error
I give up.

Reward =  -1
-------SAMPLE:  2 ------
TEXT:
module add16 ( input[15:0] a, input[15:0] b, input cin, output[15:0] sum, output cout );
    assign sum = a + b;
endmodule

module top_module(
    input [31:0] a,
    input [31:0] b,
    input sub,
    output [31:0] sum
);

wire cin = 1'b0;
wire [31:0] b_xor_sub = b ^ {sub, cin};

// The first adder takes b_xor_sub and the carry-in cin.
adder32 add1(a, b_xor_sub, cin, sum[31:0], c[0]);

// The second adder takes the carry-out from the first adder and the input sub.
adder32 add2(a, sub, c[0], sum[63:32], c[1]);

endmodule
Writing result file: 
error compiling testbench:  /mnt/shared-scratch/Rajendran_J/matthewdelorenzo/codellama/elab_tb/Module_addsub.v
Return code: 3
stderr: dump_elab/Module_addsub_5_2.v:16: error: Unknown module type: adder32
dump_elab/Module_addsub_5_2.v:19: error: Unknown module type: adder32
3 error(s) during elaboration.
*** These modules were missing:
        adder32 referenced 2 times.
***

Reward =  -1
-------SAMPLE:  3 ------
TEXT:
module add16 ( input[15:0] a, input[15:0] b, input cin, output[15:0] sum, output cout );
    assign sum = a + b;
endmodule

module top_module(
    input [31:0] a,
    input [31:0] b,
    input sub,
    output [31:0] sum
);

    wire [31:0] b_xor_sub;
    assign b_xor_sub = (sub)? ~b : b;
    
    wire [31:0] sum_final;
    wire [31:0] carry_in;
    
    assign carry_in[0] = 1'b0;
    assign sum_final[0] = a[0] ^ b_xor_sub[0] ^ carry_in[0];
    assign sum_final[1] = a[1] ^ b_xor_sub[1] ^ carry_in[1];
    assign sum_final[2] = a[2] ^ b_xor_sub[2] ^ carry_in[2];
    assign sum_final[3] = a[3] ^ b_xor_sub[3] ^ carry_in[3];
    assign sum_final[4] = a[4] ^ b_xor_sub[4] ^ carry_in[4];
    assign sum_final[5] = a[5] ^ b_xor_sub[5] ^ carry_in[5];
    assign sum_final[6] = a[6] ^ b_xor_sub[6] ^ carry_in[6];
    assign sum_final[7] = a[7] ^ b_xor_sub[7] ^ carry_in[7];
    assign sum_final[8] = a[8] ^ b_xor_sub[8] ^ carry_in[8];
    assign sum_final[9] = a[9] ^ b_xor_sub[9] ^ carry_in[9];
    assign sum_final[10] = a[10] ^ b_xor_sub[10] ^ carry_in[10];
    assign sum_final[11] = a[11] ^ b_xor_sub[11] ^ carry_in[11];
    assign sum_final[12] = a[12] ^ b_xor_sub[12] ^ carry_in[12];
    assign sum_final[13] = a[13] ^ b_xor_sub[13] ^ carry_in[13];
    assign sum_final[14] = a[14] ^ b_xor_sub[14] ^ carry_in[14];
    assign sum_final[15] = a[15] ^ b_xor_sub[15] ^ carry_in[15];
    assign sum_final[16] = a[16] ^ b_xor_sub[16] ^ carry_in[16];
    assign sum_final[17] = a[17] ^ b_xor_sub[17] ^ carry_in[17];
    assign sum_final[18] = a[18] ^ b_xor_sub[18] ^ carry_in[18];
    assign sum_final[19] = a[19] ^ b_xor_sub[19] ^ carry_in[19];
    assign sum_final[20] = a[20] ^ b_xor_sub[20] ^ carry_in[20];
    assign sum_final[21] = a[21] ^ b_xor_sub[21] ^ carry_in[21];
    assign sum_final[22] = a[22] ^ b_xor_sub[22] ^ carry_in[22];
    assign sum_final[23] = a[23] ^ b_xor_sub[23] ^ carry_in[23];
    assign sum_final[24] = a[24] ^ b_xor_sub[24] ^ carry_in[24];
    assign sum_final[25] = a[25] ^ b_xor_sub[25] ^ carry_in[25];
    assign sum_final[26] = a[26] ^ b_xor_sub[26] ^ carry_in[26];
    assign sum_final[27] = a[27] ^ b_xor_sub[27] ^ carry_in[27];
    assign sum_final[28] = a[28] ^ b_xor_sub[28] ^ carry_in[28];
    assign sum_final[29] = a[29] ^ b
Writing result file: 
error compiling testbench:  /mnt/shared-scratch/Rajendran_J/matthewdelorenzo/codellama/elab_tb/Module_addsub.v
Return code: 3
stderr: /mnt/shared-scratch/Rajendran_J/matthewdelorenzo/codellama/elab_tb/Module_addsub.v:1: error: `timescale directive can not be inside a module definition.
/mnt/shared-scratch/Rajendran_J/matthewdelorenzo/codellama/elab_tb/Module_addsub.v:3: syntax error
dump_elab/Module_addsub_5_3.v:48: error: syntax error in continuous assignment

Reward =  -1
-------SAMPLE:  4 ------
TEXT:
module add16 ( input[15:0] a, input[15:0] b, input cin, output[15:0] sum, output cout );
    assign sum = a + b;
endmodule

module top_module(
    input [31:0] a,
    input [31:0] b,
    input sub,
    output [31:0] sum
);

wire cin = 1'b0;
wire [31:0] b_not;

assign b_not = ~b;

wire [31:0] sum1;
wire [31:0] sum2;

add16 add1(a[15:0], b_not[15:0], sub, sum1, cin);
add16 add2(a[31:16], b_not[31:16], sub, sum2, cin);

assign sum = {sum2[31:16], sum1[15:0]};

endmodule
Writing result file: 
Warnings compiling testbench:  /mnt/shared-scratch/Rajendran_J/matthewdelorenzo/codellama/elab_tb/Module_addsub.v
stderr: dump_elab/Module_addsub_5_4.v:20: warning: Port 4 (sum) of add16 expects 16 bits, got 32.
dump_elab/Module_addsub_5_4.v:20:        : Padding 16 high bits of the expression.
dump_elab/Module_addsub_5_4.v:21: warning: Port 4 (sum) of add16 expects 16 bits, got 32.
dump_elab/Module_addsub_5_4.v:21:        : Padding 16 high bits of the expression.

Verilog testbench simulation ran successfully.
Some testbench tests failed.
Simulation output:  b'Mismatch at index 0: Inputs = [00000000000000000000000000000000, 00000000000000000000000000000000, 0], Generated = [00000000000000001111111111111111], Reference = [00000000000000000000000000000000]\nMismatch at index 1: Inputs = [00000000000000000000000000000001, 00000000000000000000000000000000, 0], Generated = [00000000000000000000000000000000], Reference = [00000000000000000000000000000001]\nMismatch at index 2: Inputs = [00000000000000000000000000000010, 00000000000000000000000000000000, 0], Generated = [00000000000000000000000000000001], Reference = [00000000000000000000000000000010]\nMismatch at index 3: Inputs = [00000000000000000000000000000010, 00000000000000000000000000000001, 1], Generated = [00000000000000000000000000000000], Reference = [00000000000000000000000000000001]\nMismatch at index 4: Inputs = [00000000000000000000000000000010, 00000000000000000000000000000010, 1], Generated = [00000000000000001111111111111111], Reference = [00000000000000000000000000000000]\nMismatch at index 5: Inputs = [00000000000000001111111111111111, 00000000000000000000000000000001, 0], Generated = [00000000000000001111111111111101], Reference = [00000000000000010000000000000000]\nMismatch at index 6: Inputs = [00000000000000010000000000000000, 00000000000000000000000000000001, 1], Generated = [00000000000000001111111111111110], Reference = [00000000000000001111111111111111]\nMismatch at index 7: Inputs = [11111111111111111111111111111111, 11111111111111111111111111111111, 0], Generated = [00000000000000001111111111111111], Reference = [11111111111111111111111111111110]\n8 mismatches out of 8 total tests.\n'

Reward =  -0.5
-------SAMPLE:  5 ------
TEXT:
module add16 ( input[15:0] a, input[15:0] b, input cin, output[15:0] sum, output cout );
    assign sum = a + b;
endmodule

module top_module(
    input [31:0] a,
    input [31:0] b,
    input sub,
    output [31:0] sum
);

// Use the Verilog '+' operator for addition, and '-' for subtraction.
// The '+' operator requires two operands, while the '-' operator takes one.
// The number of operands must match in a binary operator.

assign sum = sub? (a-b) : (a+b);

endmodule
Writing result file: 
Successful compilation - running simulation
Verilog testbench simulation ran successfully.
Simulation output:  b'Test 0 passed!\nTest 1 passed!\nTest 2 passed!\nTest 3 passed!\nTest 4 passed!\nTest 5 passed!\nTest 6 passed!\nTest 7 passed!\nAll tests passed!\n'

All testbench tests passed!
Reward =  1
-------SAMPLE:  6 ------
TEXT:
module add16 ( input[15:0] a, input[15:0] b, input cin, output[15:0] sum, output cout );
    assign sum = a + b;
endmodule

module top_module(
    input [31:0] a,
    input [31:0] b,
    input sub,
    output [31:0] sum
);

wire cin = 1'b0;
wire [31:0] b_not;

assign b_not = ~b;

assign sum = sub? (a ^ b_not) : (a + b);

endmodule
Writing result file: 
Successful compilation - running simulation
Verilog testbench simulation ran successfully.
Some testbench tests failed.
Simulation output:  b'Test 0 passed!\nTest 1 passed!\nTest 2 passed!\nMismatch at index 3: Inputs = [00000000000000000000000000000010, 00000000000000000000000000000001, 1], Generated = [11111111111111111111111111111100], Reference = [00000000000000000000000000000001]\nMismatch at index 4: Inputs = [00000000000000000000000000000010, 00000000000000000000000000000010, 1], Generated = [11111111111111111111111111111111], Reference = [00000000000000000000000000000000]\nTest 5 passed!\nMismatch at index 6: Inputs = [00000000000000010000000000000000, 00000000000000000000000000000001, 1], Generated = [11111111111111101111111111111110], Reference = [00000000000000001111111111111111]\nTest 7 passed!\n3 mismatches out of 8 total tests.\n'

Reward =  -0.5
-------SAMPLE:  7 ------
TEXT:
module add16 ( input[15:0] a, input[15:0] b, input cin, output[15:0] sum, output cout );
    assign sum = a + b;
endmodule

module top_module(
    input [31:0] a,
    input [31:0] b,
    input sub,
    output [31:0] sum
);

wire [31:0] b_xor_sub;

assign b_xor_sub = b ^ sub;

assign sum = a + b_xor_sub;

endmodule
Writing result file: 
Successful compilation - running simulation
Verilog testbench simulation ran successfully.
Some testbench tests failed.
Simulation output:  b'Test 0 passed!\nTest 1 passed!\nTest 2 passed!\nMismatch at index 3: Inputs = [00000000000000000000000000000010, 00000000000000000000000000000001, 1], Generated = [00000000000000000000000000000010], Reference = [00000000000000000000000000000001]\nMismatch at index 4: Inputs = [00000000000000000000000000000010, 00000000000000000000000000000010, 1], Generated = [00000000000000000000000000000101], Reference = [00000000000000000000000000000000]\nTest 5 passed!\nMismatch at index 6: Inputs = [00000000000000010000000000000000, 00000000000000000000000000000001, 1], Generated = [00000000000000010000000000000000], Reference = [00000000000000001111111111111111]\nTest 7 passed!\n3 mismatches out of 8 total tests.\n'

Reward =  -0.5
-------SAMPLE:  8 ------
TEXT:
module add16 ( input[15:0] a, input[15:0] b, input cin, output[15:0] sum, output cout );
    assign sum = a + b;
endmodule

module top_module(
    input [31:0] a,
    input [31:0] b,
    input sub,
    output [31:0] sum
);

wire cin = 1'b0;
wire [31:0] b_xor_sub = b ^ {32{sub}};

// The first adder is instantiated using wires.
adder_top_module instant1(
   .a(a[31:0]),
   .b(b_xor_sub[31:0]),
   .cin(cin),
   .sum(sum[31:0]),
   .cout(cout)
);

// The second adder is instantiated using wires.
adder_top_module instant2(
   .a(a[63:32]),
   .b(b_xor_sub[63:32]),
   .cin(cout),
   .sum(sum[63:32]),
   .cout(cout)
);

endmodule
Writing result file: 
error compiling testbench:  /mnt/shared-scratch/Rajendran_J/matthewdelorenzo/codellama/elab_tb/Module_addsub.v
Return code: 3
stderr: dump_elab/Module_addsub_5_8.v:16: error: Unknown module type: adder_top_module
dump_elab/Module_addsub_5_8.v:25: error: Unknown module type: adder_top_module
3 error(s) during elaboration.
*** These modules were missing:
        adder_top_module referenced 2 times.
***

Reward =  -1
-------SAMPLE:  9 ------
TEXT:
module add16 ( input[15:0] a, input[15:0] b, input cin, output[15:0] sum, output cout );
    assign sum = a + b;
endmodule

module top_module(
    input [31:0] a,
    input [31:0] b,
    input sub,
    output [31:0] sum
);

wire [31:0] b_xor_sub;

assign b_xor_sub = (sub)? ~b : b;

wire [31:0] sum_1;

assign sum_1 = a + b_xor_sub;

assign sum = sum_1[31:0];

endmodule
Writing result file: 
Successful compilation - running simulation
Verilog testbench simulation ran successfully.
Some testbench tests failed.
Simulation output:  b'Test 0 passed!\nTest 1 passed!\nTest 2 passed!\nMismatch at index 3: Inputs = [00000000000000000000000000000010, 00000000000000000000000000000001, 1], Generated = [00000000000000000000000000000000], Reference = [00000000000000000000000000000001]\nMismatch at index 4: Inputs = [00000000000000000000000000000010, 00000000000000000000000000000010, 1], Generated = [11111111111111111111111111111111], Reference = [00000000000000000000000000000000]\nTest 5 passed!\nMismatch at index 6: Inputs = [00000000000000010000000000000000, 00000000000000000000000000000001, 1], Generated = [00000000000000001111111111111110], Reference = [00000000000000001111111111111111]\nTest 7 passed!\n3 mismatches out of 8 total tests.\n'

Reward =  -0.5
ALL REWARDS:  [[-1, -1, -1, -1, -1, -1, -1, -1, -1, -1], [-1, -1, -1, -1, -1, -1, -1, -1, -1, -1], [1, -0.5, -0.5, -0.5, 1, 1, -0.5, 1, 1, 1], [-0.5, 1, 1, 1, 1, 1, 1, 1, 1, 1], [-0.5, 1, 1, -0.5, 1, -0.5, 1, -0.5, 1, 1], [-1, -1, -1, -1, -0.5, 1, -0.5, -0.5, -1, -0.5]]
ALL ANSWERS:  [[], [], [], [], [], []]
